<?xml version="1.0" encoding="UTF-8"?>
<!-- Generated by org.testng.reporters.JUnitReportReporter -->
<testsuite hostname="DESKTOP-5USKB80" failures="0" tests="2" name="sample1.GoogleTest" time="240.241" errors="0" timestamp="2022-06-21T17:38:39 IST" skipped="0">
  <testcase classname="sample1.GoogleTest" name="Test" time="121.368"/>
  <system-out/>
  <testcase classname="sample1.GoogleTest" name="Test" time="118.873"/>
  <system-out/>
</testsuite> <!-- sample1.GoogleTest -->
